# JRE version: Java(TM) SE Runtime Environment (8.0_191-b12) (build 1.8.0_191-b12)
# Java VM: Java HotSpot(TM) 64-Bit Server VM (25.191-b12 mixed mode windows-amd64 compressed oops)
Heap:
 PSYoungGen      total 143872K, used 137602K [0x00000000d5f00000, 0x00000000df600000, 0x0000000100000000)
  eden space 133120K, 95% used [0x00000000d5f00000,0x00000000ddae2a40,0x00000000de100000)
  from space 10752K, 99% used [0x00000000de100000,0x00000000deb7ddc8,0x00000000deb80000)
  to   space 10752K, 0% used [0x00000000deb80000,0x00000000deb80000,0x00000000df600000)
 ParOldGen       total 73728K, used 25005K [0x0000000081c00000, 0x0000000086400000, 0x00000000d5f00000)
  object space 73728K, 33% used [0x0000000081c00000,0x000000008346b4d0,0x0000000086400000)
 Metaspace       used 23829K, capacity 24376K, committed 24752K, reserved 1071104K
  class space    used 2772K, capacity 2903K, committed 2992K, reserved 1048576K
GC Heap History (10 events):
Event: 1.543 GC heap before
{Heap before GC invocations=4 (full 0):
 PSYoungGen      total 38400K, used 38376K [0x00000000d5f00000, 0x00000000daa00000, 0x0000000100000000)
  eden space 33280K, 100% used [0x00000000d5f00000,0x00000000d7f80000,0x00000000d7f80000)
  from space 5120K, 99% used [0x00000000d7f80000,0x00000000d847a040,0x00000000d8480000)
  to   space 5120K, 0% used [0x00000000da500000,0x00000000da500000,0x00000000daa00000)
 ParOldGen       total 87552K, used 6222K [0x0000000081c00000, 0x0000000087180000, 0x00000000d5f00000)
  object space 87552K, 7% used [0x0000000081c00000,0x0000000082213b98,0x0000000087180000)
 Metaspace       used 15496K, capacity 15826K, committed 16128K, reserved 1062912K
  class space    used 1862K, capacity 1949K, committed 2048K, reserved 1048576K
Event: 1.549 GC heap after
Heap after GC invocations=4 (full 0):
 PSYoungGen      total 71680K, used 5112K [0x00000000d5f00000, 0x00000000daa00000, 0x0000000100000000)
  eden space 66560K, 0% used [0x00000000d5f00000,0x00000000d5f00000,0x00000000da000000)
  from space 5120K, 99% used [0x00000000da500000,0x00000000da9fe030,0x00000000daa00000)
  to   space 5120K, 0% used [0x00000000da000000,0x00000000da000000,0x00000000da500000)
 ParOldGen       total 87552K, used 8760K [0x0000000081c00000, 0x0000000087180000, 0x00000000d5f00000)
  object space 87552K, 10% used [0x0000000081c00000,0x000000008248e148,0x0000000087180000)
 Metaspace       used 15496K, capacity 15826K, committed 16128K, reserved 1062912K
  class space    used 1862K, capacity 1949K, committed 2048K, reserved 1048576K
}
Event: 2.558 GC heap before
{Heap before GC invocations=5 (full 0):
 PSYoungGen      total 71680K, used 71672K [0x00000000d5f00000, 0x00000000daa00000, 0x0000000100000000)
  eden space 66560K, 100% used [0x00000000d5f00000,0x00000000da000000,0x00000000da000000)
  from space 5120K, 99% used [0x00000000da500000,0x00000000da9fe030,0x00000000daa00000)
  to   space 5120K, 0% used [0x00000000da000000,0x00000000da000000,0x00000000da500000)
 ParOldGen       total 87552K, used 8760K [0x0000000081c00000, 0x0000000087180000, 0x00000000d5f00000)
  object space 87552K, 10% used [0x0000000081c00000,0x000000008248e148,0x0000000087180000)
 Metaspace       used 17116K, capacity 17516K, committed 17792K, reserved 1064960K
  class space    used 1993K, capacity 2128K, committed 2176K, reserved 1048576K
Event: 2.567 GC heap after
Heap after GC invocations=5 (full 0):
 PSYoungGen      total 71680K, used 5096K [0x00000000d5f00000, 0x00000000df600000, 0x0000000100000000)
  eden space 66560K, 0% used [0x00000000d5f00000,0x00000000d5f00000,0x00000000da000000)
  from space 5120K, 99% used [0x00000000da000000,0x00000000da4fa020,0x00000000da500000)
  to   space 10752K, 0% used [0x00000000deb80000,0x00000000deb80000,0x00000000df600000)
 ParOldGen       total 87552K, used 13318K [0x0000000081c00000, 0x0000000087180000, 0x00000000d5f00000)
  object space 87552K, 15% used [0x0000000081c00000,0x00000000829019c0,0x0000000087180000)
 Metaspace       used 17116K, capacity 17516K, committed 17792K, reserved 1064960K
  class space    used 1993K, capacity 2128K, committed 2176K, reserved 1048576K
}
Event: 3.239 GC heap before
{Heap before GC invocations=6 (full 0):
 PSYoungGen      total 71680K, used 40646K [0x00000000d5f00000, 0x00000000df600000, 0x0000000100000000)
  eden space 66560K, 53% used [0x00000000d5f00000,0x00000000d81b7908,0x00000000da000000)
  from space 5120K, 99% used [0x00000000da000000,0x00000000da4fa020,0x00000000da500000)
  to   space 10752K, 0% used [0x00000000deb80000,0x00000000deb80000,0x00000000df600000)
 ParOldGen       total 87552K, used 13318K [0x0000000081c00000, 0x0000000087180000, 0x00000000d5f00000)
  object space 87552K, 15% used [0x0000000081c00000,0x00000000829019c0,0x0000000087180000)
 Metaspace       used 20753K, capacity 21264K, committed 21296K, reserved 1069056K
  class space    used 2447K, capacity 2592K, committed 2608K, reserved 1048576K
Event: 3.250 GC heap after
Heap after GC invocations=6 (full 0):
 PSYoungGen      total 143872K, used 9297K [0x00000000d5f00000, 0x00000000df600000, 0x0000000100000000)
  eden space 133120K, 0% used [0x00000000d5f00000,0x00000000d5f00000,0x00000000de100000)
  from space 10752K, 86% used [0x00000000deb80000,0x00000000df494758,0x00000000df600000)
  to   space 10752K, 0% used [0x00000000de100000,0x00000000de100000,0x00000000deb80000)
 ParOldGen       total 87552K, used 13326K [0x0000000081c00000, 0x0000000087180000, 0x00000000d5f00000)
  object space 87552K, 15% used [0x0000000081c00000,0x00000000829039c0,0x0000000087180000)
 Metaspace       used 20753K, capacity 21264K, committed 21296K, reserved 1069056K
  class space    used 2447K, capacity 2592K, committed 2608K, reserved 1048576K
}
Event: 3.250 GC heap before
{Heap before GC invocations=7 (full 1):
 PSYoungGen      total 143872K, used 9297K [0x00000000d5f00000, 0x00000000df600000, 0x0000000100000000)
  eden space 133120K, 0% used [0x00000000d5f00000,0x00000000d5f00000,0x00000000de100000)
  from space 10752K, 86% used [0x00000000deb80000,0x00000000df494758,0x00000000df600000)
  to   space 10752K, 0% used [0x00000000de100000,0x00000000de100000,0x00000000deb80000)
 ParOldGen       total 87552K, used 13326K [0x0000000081c00000, 0x0000000087180000, 0x00000000d5f00000)
  object space 87552K, 15% used [0x0000000081c00000,0x00000000829039c0,0x0000000087180000)
 Metaspace       used 20753K, capacity 21264K, committed 21296K, reserved 1069056K
  class space    used 2447K, capacity 2592K, committed 2608K, reserved 1048576K
Event: 3.309 GC heap after
Heap after GC invocations=7 (full 1):
 PSYoungGen      total 143872K, used 0K [0x00000000d5f00000, 0x00000000df600000, 0x0000000100000000)
  eden space 133120K, 0% used [0x00000000d5f00000,0x00000000d5f00000,0x00000000de100000)
  from space 10752K, 0% used [0x00000000deb80000,0x00000000deb80000,0x00000000df600000)
  to   space 10752K, 0% used [0x00000000de100000,0x00000000de100000,0x00000000deb80000)
 ParOldGen       total 73728K, used 15514K [0x0000000081c00000, 0x0000000086400000, 0x00000000d5f00000)
  object space 73728K, 21% used [0x0000000081c00000,0x0000000082b26a80,0x0000000086400000)
 Metaspace       used 20753K, capacity 21264K, committed 21296K, reserved 1069056K
  class space    used 2447K, capacity 2592K, committed 2608K, reserved 1048576K
}
Event: 4.177 GC heap before
{Heap before GC invocations=8 (full 1):
 PSYoungGen      total 143872K, used 133120K [0x00000000d5f00000, 0x00000000df600000, 0x0000000100000000)
  eden space 133120K, 100% used [0x00000000d5f00000,0x00000000de100000,0x00000000de100000)
  from space 10752K, 0% used [0x00000000deb80000,0x00000000deb80000,0x00000000df600000)
  to   space 10752K, 0% used [0x00000000de100000,0x00000000de100000,0x00000000deb80000)
 ParOldGen       total 73728K, used 15514K [0x0000000081c00000, 0x0000000086400000, 0x00000000d5f00000)
  object space 73728K, 21% used [0x0000000081c00000,0x0000000082b26a80,0x0000000086400000)
 Metaspace       used 23812K, capacity 24308K, committed 24496K, reserved 1071104K
  class space    used 2770K, capacity 2903K, committed 2992K, reserved 1048576K
Event: 4.189 GC heap after
Heap after GC invocations=8 (full 1):
 PSYoungGen      total 143872K, used 10743K [0x00000000d5f00000, 0x00000000df600000, 0x0000000100000000)
  eden space 133120K, 0% used [0x00000000d5f00000,0x00000000d5f00000,0x00000000de100000)
  from space 10752K, 99% used [0x00000000de100000,0x00000000deb7ddc8,0x00000000deb80000)
  to   space 10752K, 0% used [0x00000000deb80000,0x00000000deb80000,0x00000000df600000)
 ParOldGen       total 73728K, used 25005K [0x0000000081c00000, 0x0000000086400000, 0x00000000d5f00000)
  object space 73728K, 33% used [0x0000000081c00000,0x000000008346b4d0,0x0000000086400000)
 Metaspace       used 23812K, capacity 24308K, committed 24496K, reserved 1071104K
  class space    used 2770K, capacity 2903K, committed 2992K, reserved 1048576K
}

