# JRE version: Java(TM) SE Runtime Environment (8.0_191-b12) (build 1.8.0_191-b12)
# Java VM: Java HotSpot(TM) 64-Bit Server VM (25.191-b12 mixed mode windows-amd64 compressed oops)
Heap:
 PSYoungGen      total 212480K, used 23011K [0x00000000d5f00000, 0x00000000ea800000, 0x0000000100000000)
  eden space 189440K, 0% used [0x00000000d5f00000,0x00000000d5f00000,0x00000000e1800000)
  from space 23040K, 99% used [0x00000000e1800000,0x00000000e2e78d28,0x00000000e2e80000)
  to   space 40960K, 0% used [0x00000000e8000000,0x00000000e8000000,0x00000000ea800000)
 ParOldGen       total 72704K, used 55882K [0x0000000081c00000, 0x0000000086300000, 0x00000000d5f00000)
  object space 72704K, 76% used [0x0000000081c00000,0x0000000085292bd0,0x0000000086300000)
 Metaspace       used 27360K, capacity 28074K, committed 28336K, reserved 1075200K
  class space    used 3226K, capacity 3459K, committed 3504K, reserved 1048576K
GC Heap History (10 events):
Event: 3.961 GC heap after
Heap after GC invocations=9 (full 1):
 PSYoungGen      total 206336K, used 16883K [0x00000000d5f00000, 0x00000000e5500000, 0x0000000100000000)
  eden space 189440K, 0% used [0x00000000d5f00000,0x00000000d5f00000,0x00000000e1800000)
  from space 16896K, 99% used [0x00000000e2e80000,0x00000000e3efcdf0,0x00000000e3f00000)
  to   space 23040K, 0% used [0x00000000e1800000,0x00000000e1800000,0x00000000e2e80000)
 ParOldGen       total 72192K, used 35242K [0x0000000081c00000, 0x0000000086280000, 0x00000000d5f00000)
  object space 72192K, 48% used [0x0000000081c00000,0x0000000083e6a8b8,0x0000000086280000)
 Metaspace       used 23846K, capacity 24392K, committed 24496K, reserved 1071104K
  class space    used 2775K, capacity 2933K, committed 2992K, reserved 1048576K
}
Event: 4.575 GC heap before
{Heap before GC invocations=10 (full 1):
 PSYoungGen      total 206336K, used 206323K [0x00000000d5f00000, 0x00000000e5500000, 0x0000000100000000)
  eden space 189440K, 100% used [0x00000000d5f00000,0x00000000e1800000,0x00000000e1800000)
  from space 16896K, 99% used [0x00000000e2e80000,0x00000000e3efcdf0,0x00000000e3f00000)
  to   space 23040K, 0% used [0x00000000e1800000,0x00000000e1800000,0x00000000e2e80000)
 ParOldGen       total 72192K, used 35242K [0x0000000081c00000, 0x0000000086280000, 0x00000000d5f00000)
  object space 72192K, 48% used [0x0000000081c00000,0x0000000083e6a8b8,0x0000000086280000)
 Metaspace       used 23853K, capacity 24396K, committed 24496K, reserved 1071104K
  class space    used 2775K, capacity 2933K, committed 2992K, reserved 1048576K
Event: 4.598 GC heap after
Heap after GC invocations=10 (full 1):
 PSYoungGen      total 212480K, used 23031K [0x00000000d5f00000, 0x00000000e5500000, 0x0000000100000000)
  eden space 189440K, 0% used [0x00000000d5f00000,0x00000000d5f00000,0x00000000e1800000)
  from space 23040K, 99% used [0x00000000e1800000,0x00000000e2e7dc08,0x00000000e2e80000)
  to   space 16896K, 0% used [0x00000000e2e80000,0x00000000e2e80000,0x00000000e3f00000)
 ParOldGen       total 72192K, used 49254K [0x0000000081c00000, 0x0000000086280000, 0x00000000d5f00000)
  object space 72192K, 68% used [0x0000000081c00000,0x0000000084c19aa0,0x0000000086280000)
 Metaspace       used 23853K, capacity 24396K, committed 24496K, reserved 1071104K
  class space    used 2775K, capacity 2933K, committed 2992K, reserved 1048576K
}
Event: 5.005 GC heap before
{Heap before GC invocations=11 (full 1):
 PSYoungGen      total 212480K, used 212471K [0x00000000d5f00000, 0x00000000e5500000, 0x0000000100000000)
  eden space 189440K, 100% used [0x00000000d5f00000,0x00000000e1800000,0x00000000e1800000)
  from space 23040K, 99% used [0x00000000e1800000,0x00000000e2e7dc08,0x00000000e2e80000)
  to   space 16896K, 0% used [0x00000000e2e80000,0x00000000e2e80000,0x00000000e3f00000)
 ParOldGen       total 72192K, used 49254K [0x0000000081c00000, 0x0000000086280000, 0x00000000d5f00000)
  object space 72192K, 68% used [0x0000000081c00000,0x0000000084c19aa0,0x0000000086280000)
 Metaspace       used 23853K, capacity 24396K, committed 24496K, reserved 1071104K
  class space    used 2775K, capacity 2933K, committed 2992K, reserved 1048576K
Event: 5.027 GC heap after
Heap after GC invocations=11 (full 1):
 PSYoungGen      total 206336K, used 16875K [0x00000000d5f00000, 0x00000000e5500000, 0x0000000100000000)
  eden space 189440K, 0% used [0x00000000d5f00000,0x00000000d5f00000,0x00000000e1800000)
  from space 16896K, 99% used [0x00000000e2e80000,0x00000000e3efac78,0x00000000e3f00000)
  to   space 23040K, 0% used [0x00000000e1800000,0x00000000e1800000,0x00000000e2e80000)
 ParOldGen       total 72704K, used 72689K [0x0000000081c00000, 0x0000000086300000, 0x00000000d5f00000)
  object space 72704K, 99% used [0x0000000081c00000,0x00000000862fc6f0,0x0000000086300000)
 Metaspace       used 23853K, capacity 24396K, committed 24496K, reserved 1071104K
  class space    used 2775K, capacity 2933K, committed 2992K, reserved 1048576K
}
Event: 5.027 GC heap before
{Heap before GC invocations=12 (full 2):
 PSYoungGen      total 206336K, used 16875K [0x00000000d5f00000, 0x00000000e5500000, 0x0000000100000000)
  eden space 189440K, 0% used [0x00000000d5f00000,0x00000000d5f00000,0x00000000e1800000)
  from space 16896K, 99% used [0x00000000e2e80000,0x00000000e3efac78,0x00000000e3f00000)
  to   space 23040K, 0% used [0x00000000e1800000,0x00000000e1800000,0x00000000e2e80000)
 ParOldGen       total 72704K, used 72689K [0x0000000081c00000, 0x0000000086300000, 0x00000000d5f00000)
  object space 72704K, 99% used [0x0000000081c00000,0x00000000862fc6f0,0x0000000086300000)
 Metaspace       used 23853K, capacity 24396K, committed 24496K, reserved 1071104K
  class space    used 2775K, capacity 2933K, committed 2992K, reserved 1048576K
Event: 5.085 GC heap after
Heap after GC invocations=12 (full 2):
 PSYoungGen      total 206336K, used 0K [0x00000000d5f00000, 0x00000000e5500000, 0x0000000100000000)
  eden space 189440K, 0% used [0x00000000d5f00000,0x00000000d5f00000,0x00000000e1800000)
  from space 16896K, 0% used [0x00000000e2e80000,0x00000000e2e80000,0x00000000e3f00000)
  to   space 23040K, 0% used [0x00000000e1800000,0x00000000e1800000,0x00000000e2e80000)
 ParOldGen       total 72704K, used 52687K [0x0000000081c00000, 0x0000000086300000, 0x00000000d5f00000)
  object space 72704K, 72% used [0x0000000081c00000,0x0000000084f73d70,0x0000000086300000)
 Metaspace       used 23853K, capacity 24396K, committed 24496K, reserved 1071104K
  class space    used 2775K, capacity 2933K, committed 2992K, reserved 1048576K
}
Event: 5.858 GC heap before
{Heap before GC invocations=13 (full 2):
 PSYoungGen      total 206336K, used 189440K [0x00000000d5f00000, 0x00000000e5500000, 0x0000000100000000)
  eden space 189440K, 100% used [0x00000000d5f00000,0x00000000e1800000,0x00000000e1800000)
  from space 16896K, 0% used [0x00000000e2e80000,0x00000000e2e80000,0x00000000e3f00000)
  to   space 23040K, 0% used [0x00000000e1800000,0x00000000e1800000,0x00000000e2e80000)
 ParOldGen       total 72704K, used 52687K [0x0000000081c00000, 0x0000000086300000, 0x00000000d5f00000)
  object space 72704K, 72% used [0x0000000081c00000,0x0000000084f73d70,0x0000000086300000)
 Metaspace       used 27360K, capacity 28074K, committed 28336K, reserved 1075200K
  class space    used 3226K, capacity 3459K, committed 3504K, reserved 1048576K
Event: 5.875 GC heap after
Heap after GC invocations=13 (full 2):
 PSYoungGen      total 212480K, used 23011K [0x00000000d5f00000, 0x00000000ea800000, 0x0000000100000000)
  eden space 189440K, 0% used [0x00000000d5f00000,0x00000000d5f00000,0x00000000e1800000)
  from space 23040K, 99% used [0x00000000e1800000,0x00000000e2e78d28,0x00000000e2e80000)
  to   space 40960K, 0% used [0x00000000e8000000,0x00000000e8000000,0x00000000ea800000)
 ParOldGen       total 72704K, used 55882K [0x0000000081c00000, 0x0000000086300000, 0x00000000d5f00000)
  object space 72704K, 76% used [0x0000000081c00000,0x0000000085292bd0,0x0000000086300000)
 Metaspace       used 27360K, capacity 28074K, committed 28336K, reserved 1075200K
  class space    used 3226K, capacity 3459K, committed 3504K, reserved 1048576K
}
Event: 5.875 GC heap before
{Heap before GC invocations=14 (full 3):
 PSYoungGen      total 212480K, used 23011K [0x00000000d5f00000, 0x00000000ea800000, 0x0000000100000000)
  eden space 189440K, 0% used [0x00000000d5f00000,0x00000000d5f00000,0x00000000e1800000)
  from space 23040K, 99% used [0x00000000e1800000,0x00000000e2e78d28,0x00000000e2e80000)
  to   space 40960K, 0% used [0x00000000e8000000,0x00000000e8000000,0x00000000ea800000)
 ParOldGen       total 72704K, used 55882K [0x0000000081c00000, 0x0000000086300000, 0x00000000d5f00000)
  object space 72704K, 76% used [0x0000000081c00000,0x0000000085292bd0,0x0000000086300000)
 Metaspace       used 27360K, capacity 28074K, committed 28336K, reserved 1075200K
  class space    used 3226K, capacity 3459K, committed 3504K, reserved 1048576K

